[2021-06-08 12:46:49] local.ERROR: SQLSTATE[HY000] [2002] No connection could be made because the target machine actively refused it.
 (SQL: select * from `posts` where `slug` = ab-ratione-id-sunt-quo-ex limit 1) {"exception":"[object] (Illuminate\\Database\\QueryException(code: 2002): SQLSTATE[HY000] [2002] No connection could be made because the target machine actively refused it.
 (SQL: select * from `posts` where `slug` = ab-ratione-id-sunt-quo-ex limit 1) at H:\\abc\\laravel\\vueJs-Laravel-Blog-master\\vendor\\laravel\\framework\\src\\Illuminate\\Database\\Connection.php:665)
[stacktrace]
#0 H:\\abc\\laravel\\vueJs-Laravel-Blog-master\\vendor\\laravel\\framework\\src\\Illuminate\\Database\\Connection.php(625): Illuminate\\Database\\Connection->runQueryCallback('select * from `...', Array, Object(Closure))
#1 H:\\abc\\laravel\\vueJs-Laravel-Blog-master\\vendor\\laravel\\framework\\src\\Illuminate\\Database\\Connection.php(334): Illuminate\\Database\\Connection->run('select * from `...', Array, Object(Closure))
#2 H:\\abc\\laravel\\vueJs-Laravel-Blog-master\\vendor\\laravel\\framework\\src\\Illuminate\\Database\\Query\\Builder.php(2140): Illuminate\\Database\\Connection->select('select * from `...', Array, true)
#3 H:\\abc\\laravel\\vueJs-Laravel-Blog-master\\vendor\\laravel\\framework\\src\\Illuminate\\Database\\Query\\Builder.php(2128): Illuminate\\Database\\Query\\Builder->runSelect()
#4 H:\\abc\\laravel\\vueJs-Laravel-Blog-master\\vendor\\laravel\\framework\\src\\Illuminate\\Database\\Query\\Builder.php(2572): Illuminate\\Database\\Query\\Builder->Illuminate\\Database\\Query\\{closure}()
#5 H:\\abc\\laravel\\vueJs-Laravel-Blog-master\\vendor\\laravel\\framework\\src\\Illuminate\\Database\\Query\\Builder.php(2129): Illuminate\\Database\\Query\\Builder->onceWithColumns(Array, Object(Closure))
#6 H:\\abc\\laravel\\vueJs-Laravel-Blog-master\\vendor\\laravel\\framework\\src\\Illuminate\\Database\\Eloquent\\Builder.php(521): Illuminate\\Database\\Query\\Builder->get(Array)
#7 H:\\abc\\laravel\\vueJs-Laravel-Blog-master\\vendor\\laravel\\framework\\src\\Illuminate\\Database\\Eloquent\\Builder.php(505): Illuminate\\Database\\Eloquent\\Builder->getModels(Array)
#8 H:\\abc\\laravel\\vueJs-Laravel-Blog-master\\vendor\\laravel\\framework\\src\\Illuminate\\Database\\Concerns\\BuildsQueries.php(143): Illuminate\\Database\\Eloquent\\Builder->get(Array)
#9 H:\\abc\\laravel\\vueJs-Laravel-Blog-master\\vendor\\laravel\\framework\\src\\Illuminate\\Database\\Eloquent\\Model.php(1479): Illuminate\\Database\\Eloquent\\Builder->first()
#10 H:\\abc\\laravel\\vueJs-Laravel-Blog-master\\vendor\\laravel\\framework\\src\\Illuminate\\Routing\\ImplicitRouteBinding.php(37): Illuminate\\Database\\Eloquent\\Model->resolveRouteBinding('ab-ratione-id-s...')
#11 H:\\abc\\laravel\\vueJs-Laravel-Blog-master\\vendor\\laravel\\framework\\src\\Illuminate\\Routing\\Router.php(787): Illuminate\\Routing\\ImplicitRouteBinding::resolveForRoute(Object(Illuminate\\Foundation\\Application), Object(Illuminate\\Routing\\Route))
#12 H:\\abc\\laravel\\vueJs-Laravel-Blog-master\\vendor\\laravel\\framework\\src\\Illuminate\\Routing\\Middleware\\SubstituteBindings.php(39): Illuminate\\Routing\\Router->substituteImplicitBindings(Object(Illuminate\\Routing\\Route))
#13 H:\\abc\\laravel\\vueJs-Laravel-Blog-master\\vendor\\laravel\\framework\\src\\Illuminate\\Pipeline\\Pipeline.php(171): Illuminate\\Routing\\Middleware\\SubstituteBindings->handle(Object(Illuminate\\Http\\Request), Object(Closure))
#14 H:\\abc\\laravel\\vueJs-Laravel-Blog-master\\vendor\\laravel\\framework\\src\\Illuminate\\Routing\\Middleware\\ThrottleRequests.php(59): Illuminate\\Pipeline\\Pipeline->Illuminate\\Pipeline\\{closure}(Object(Illuminate\\Http\\Request))
#15 H:\\abc\\laravel\\vueJs-Laravel-Blog-master\\vendor\\laravel\\framework\\src\\Illuminate\\Pipeline\\Pipeline.php(171): Illuminate\\Routing\\Middleware\\ThrottleRequests->handle(Object(Illuminate\\Http\\Request), Object(Closure), 60, '1')
#16 H:\\abc\\laravel\\vueJs-Laravel-Blog-master\\vendor\\laravel\\framework\\src\\Illuminate\\Pipeline\\Pipeline.php(105): Illuminate\\Pipeline\\Pipeline->Illuminate\\Pipeline\\{closure}(Object(Illuminate\\Http\\Request))
#17 H:\\abc\\laravel\\vueJs-Laravel-Blog-master\\vendor\\laravel\\framework\\src\\Illuminate\\Routing\\Router.php(682): Illuminate\\Pipeline\\Pipeline->then(Object(Closure))
#18 H:\\abc\\laravel\\vueJs-Laravel-Blog-master\\vendor\\laravel\\framework\\src\\Illuminate\\Routing\\Router.php(657): Illuminate\\Routing\\Router->runRouteWithinStack(Object(Illuminate\\Routing\\Route), Object(Illuminate\\Http\\Request))
#19 H:\\abc\\laravel\\vueJs-Laravel-Blog-master\\vendor\\laravel\\framework\\src\\Illuminate\\Routing\\Router.php(623): Illuminate\\Routing\\Router->runRoute(Object(Illuminate\\Http\\Request), Object(Illuminate\\Routing\\Route))
#20 H:\\abc\\laravel\\vueJs-Laravel-Blog-master\\vendor\\laravel\\framework\\src\\Illuminate\\Routing\\Router.php(612): Illuminate\\Routing\\Router->dispatchToRoute(Object(Illuminate\\Http\\Request))
#21 H:\\abc\\laravel\\vueJs-Laravel-Blog-master\\vendor\\laravel\\framework\\src\\Illuminate\\Foundation\\Http\\Kernel.php(176): Illuminate\\Routing\\Router->dispatch(Object(Illuminate\\Http\\Request))
#22 H:\\abc\\laravel\\vueJs-Laravel-Blog-master\\vendor\\laravel\\framework\\src\\Illuminate\\Pipeline\\Pipeline.php(130): Illuminate\\Foundation\\Http\\Kernel->Illuminate\\Foundation\\Http\\{closure}(Object(Illuminate\\Http\\Request))
#23 H:\\abc\\laravel\\vueJs-Laravel-Blog-master\\vendor\\laravel\\framework\\src\\Illuminate\\Foundation\\Http\\Middleware\\TransformsRequest.php(21): Illuminate\\Pipeline\\Pipeline->Illuminate\\Pipeline\\{closure}(Object(Illuminate\\Http\\Request))
#24 H:\\abc\\laravel\\vueJs-Laravel-Blog-master\\vendor\\laravel\\framework\\src\\Illuminate\\Pipeline\\Pipeline.php(171): Illuminate\\Foundation\\Http\\Middleware\\TransformsRequest->handle(Object(Illuminate\\Http\\Request), Object(Closure))
#25 H:\\abc\\laravel\\vueJs-Laravel-Blog-master\\vendor\\laravel\\framework\\src\\Illuminate\\Foundation\\Http\\Middleware\\TransformsRequest.php(21): Illuminate\\Pipeline\\Pipeline->Illuminate\\Pipeline\\{closure}(Object(Illuminate\\Http\\Request))
#26 H:\\abc\\laravel\\vueJs-Laravel-Blog-master\\vendor\\laravel\\framework\\src\\Illuminate\\Pipeline\\Pipeline.php(171): Illuminate\\Foundation\\Http\\Middleware\\TransformsRequest->handle(Object(Illuminate\\Http\\Request), Object(Closure))
#27 H:\\abc\\laravel\\vueJs-Laravel-Blog-master\\vendor\\laravel\\framework\\src\\Illuminate\\Foundation\\Http\\Middleware\\ValidatePostSize.php(27): Illuminate\\Pipeline\\Pipeline->Illuminate\\Pipeline\\{closure}(Object(Illuminate\\Http\\Request))
#28 H:\\abc\\laravel\\vueJs-Laravel-Blog-master\\vendor\\laravel\\framework\\src\\Illuminate\\Pipeline\\Pipeline.php(171): Illuminate\\Foundation\\Http\\Middleware\\ValidatePostSize->handle(Object(Illuminate\\Http\\Request), Object(Closure))
#29 H:\\abc\\laravel\\vueJs-Laravel-Blog-master\\vendor\\laravel\\framework\\src\\Illuminate\\Foundation\\Http\\Middleware\\CheckForMaintenanceMode.php(62): Illuminate\\Pipeline\\Pipeline->Illuminate\\Pipeline\\{closure}(Object(Illuminate\\Http\\Request))
#30 H:\\abc\\laravel\\vueJs-Laravel-Blog-master\\vendor\\laravel\\framework\\src\\Illuminate\\Pipeline\\Pipeline.php(171): Illuminate\\Foundation\\Http\\Middleware\\CheckForMaintenanceMode->handle(Object(Illuminate\\Http\\Request), Object(Closure))
#31 H:\\abc\\laravel\\vueJs-Laravel-Blog-master\\vendor\\fideloper\\proxy\\src\\TrustProxies.php(57): Illuminate\\Pipeline\\Pipeline->Illuminate\\Pipeline\\{closure}(Object(Illuminate\\Http\\Request))
#32 H:\\abc\\laravel\\vueJs-Laravel-Blog-master\\vendor\\laravel\\framework\\src\\Illuminate\\Pipeline\\Pipeline.php(171): Fideloper\\Proxy\\TrustProxies->handle(Object(Illuminate\\Http\\Request), Object(Closure))
#33 H:\\abc\\laravel\\vueJs-Laravel-Blog-master\\vendor\\laravel\\framework\\src\\Illuminate\\Pipeline\\Pipeline.php(105): Illuminate\\Pipeline\\Pipeline->Illuminate\\Pipeline\\{closure}(Object(Illuminate\\Http\\Request))
#34 H:\\abc\\laravel\\vueJs-Laravel-Blog-master\\vendor\\laravel\\framework\\src\\Illuminate\\Foundation\\Http\\Kernel.php(151): Illuminate\\Pipeline\\Pipeline->then(Object(Closure))
#35 H:\\abc\\laravel\\vueJs-Laravel-Blog-master\\vendor\\laravel\\framework\\src\\Illuminate\\Foundation\\Http\\Kernel.php(116): Illuminate\\Foundation\\Http\\Kernel->sendRequestThroughRouter(Object(Illuminate\\Http\\Request))
#36 H:\\abc\\laravel\\vueJs-Laravel-Blog-master\\public\\index.php(55): Illuminate\\Foundation\\Http\\Kernel->handle(Object(Illuminate\\Http\\Request))
#37 H:\\abc\\laravel\\vueJs-Laravel-Blog-master\\server.php(21): require_once('H:\\\\abc\\\\laravel\\\\...')
#38 {main}

[previous exception] [object] (PDOException(code: 2002): SQLSTATE[HY000] [2002] No connection could be made because the target machine actively refused it.
 at H:\\abc\\laravel\\vueJs-Laravel-Blog-master\\vendor\\laravel\\framework\\src\\Illuminate\\Database\\Connectors\\Connector.php:70)
[stacktrace]
#0 H:\\abc\\laravel\\vueJs-Laravel-Blog-master\\vendor\\laravel\\framework\\src\\Illuminate\\Database\\Connectors\\Connector.php(70): PDO->__construct('mysql:host=127....', 'root', '', Array)
#1 H:\\abc\\laravel\\vueJs-Laravel-Blog-master\\vendor\\laravel\\framework\\src\\Illuminate\\Database\\Connectors\\Connector.php(46): Illuminate\\Database\\Connectors\\Connector->createPdoConnection('mysql:host=127....', 'root', '', Array)
#2 H:\\abc\\laravel\\vueJs-Laravel-Blog-master\\vendor\\laravel\\framework\\src\\Illuminate\\Database\\Connectors\\MySqlConnector.php(24): Illuminate\\Database\\Connectors\\Connector->createConnection('mysql:host=127....', Array, Array)
#3 H:\\abc\\laravel\\vueJs-Laravel-Blog-master\\vendor\\laravel\\framework\\src\\Illuminate\\Database\\Connectors\\ConnectionFactory.php(182): Illuminate\\Database\\Connectors\\MySqlConnector->connect(Array)
#4 [internal function]: Illuminate\\Database\\Connectors\\ConnectionFactory->Illuminate\\Database\\Connectors\\{closure}()
#5 H:\\abc\\laravel\\vueJs-Laravel-Blog-master\\vendor\\laravel\\framework\\src\\Illuminate\\Database\\Connection.php(920): call_user_func(Object(Closure))
#6 H:\\abc\\laravel\\vueJs-Laravel-Blog-master\\vendor\\laravel\\framework\\src\\Illuminate\\Database\\Connection.php(945): Illuminate\\Database\\Connection->getPdo()
#7 H:\\abc\\laravel\\vueJs-Laravel-Blog-master\\vendor\\laravel\\framework\\src\\Illuminate\\Database\\Connection.php(400): Illuminate\\Database\\Connection->getReadPdo()
#8 H:\\abc\\laravel\\vueJs-Laravel-Blog-master\\vendor\\laravel\\framework\\src\\Illuminate\\Database\\Connection.php(326): Illuminate\\Database\\Connection->getPdoForSelect(true)
#9 H:\\abc\\laravel\\vueJs-Laravel-Blog-master\\vendor\\laravel\\framework\\src\\Illuminate\\Database\\Connection.php(658): Illuminate\\Database\\Connection->Illuminate\\Database\\{closure}('select * from `...', Array)
#10 H:\\abc\\laravel\\vueJs-Laravel-Blog-master\\vendor\\laravel\\framework\\src\\Illuminate\\Database\\Connection.php(625): Illuminate\\Database\\Connection->runQueryCallback('select * from `...', Array, Object(Closure))
#11 H:\\abc\\laravel\\vueJs-Laravel-Blog-master\\vendor\\laravel\\framework\\src\\Illuminate\\Database\\Connection.php(334): Illuminate\\Database\\Connection->run('select * from `...', Array, Object(Closure))
#12 H:\\abc\\laravel\\vueJs-Laravel-Blog-master\\vendor\\laravel\\framework\\src\\Illuminate\\Database\\Query\\Builder.php(2140): Illuminate\\Database\\Connection->select('select * from `...', Array, true)
#13 H:\\abc\\laravel\\vueJs-Laravel-Blog-master\\vendor\\laravel\\framework\\src\\Illuminate\\Database\\Query\\Builder.php(2128): Illuminate\\Database\\Query\\Builder->runSelect()
#14 H:\\abc\\laravel\\vueJs-Laravel-Blog-master\\vendor\\laravel\\framework\\src\\Illuminate\\Database\\Query\\Builder.php(2572): Illuminate\\Database\\Query\\Builder->Illuminate\\Database\\Query\\{closure}()
#15 H:\\abc\\laravel\\vueJs-Laravel-Blog-master\\vendor\\laravel\\framework\\src\\Illuminate\\Database\\Query\\Builder.php(2129): Illuminate\\Database\\Query\\Builder->onceWithColumns(Array, Object(Closure))
#16 H:\\abc\\laravel\\vueJs-Laravel-Blog-master\\vendor\\laravel\\framework\\src\\Illuminate\\Database\\Eloquent\\Builder.php(521): Illuminate\\Database\\Query\\Builder->get(Array)
#17 H:\\abc\\laravel\\vueJs-Laravel-Blog-master\\vendor\\laravel\\framework\\src\\Illuminate\\Database\\Eloquent\\Builder.php(505): Illuminate\\Database\\Eloquent\\Builder->getModels(Array)
#18 H:\\abc\\laravel\\vueJs-Laravel-Blog-master\\vendor\\laravel\\framework\\src\\Illuminate\\Database\\Concerns\\BuildsQueries.php(143): Illuminate\\Database\\Eloquent\\Builder->get(Array)
#19 H:\\abc\\laravel\\vueJs-Laravel-Blog-master\\vendor\\laravel\\framework\\src\\Illuminate\\Database\\Eloquent\\Model.php(1479): Illuminate\\Database\\Eloquent\\Builder->first()
#20 H:\\abc\\laravel\\vueJs-Laravel-Blog-master\\vendor\\laravel\\framework\\src\\Illuminate\\Routing\\ImplicitRouteBinding.php(37): Illuminate\\Database\\Eloquent\\Model->resolveRouteBinding('ab-ratione-id-s...')
#21 H:\\abc\\laravel\\vueJs-Laravel-Blog-master\\vendor\\laravel\\framework\\src\\Illuminate\\Routing\\Router.php(787): Illuminate\\Routing\\ImplicitRouteBinding::resolveForRoute(Object(Illuminate\\Foundation\\Application), Object(Illuminate\\Routing\\Route))
#22 H:\\abc\\laravel\\vueJs-Laravel-Blog-master\\vendor\\laravel\\framework\\src\\Illuminate\\Routing\\Middleware\\SubstituteBindings.php(39): Illuminate\\Routing\\Router->substituteImplicitBindings(Object(Illuminate\\Routing\\Route))
#23 H:\\abc\\laravel\\vueJs-Laravel-Blog-master\\vendor\\laravel\\framework\\src\\Illuminate\\Pipeline\\Pipeline.php(171): Illuminate\\Routing\\Middleware\\SubstituteBindings->handle(Object(Illuminate\\Http\\Request), Object(Closure))
#24 H:\\abc\\laravel\\vueJs-Laravel-Blog-master\\vendor\\laravel\\framework\\src\\Illuminate\\Routing\\Middleware\\ThrottleRequests.php(59): Illuminate\\Pipeline\\Pipeline->Illuminate\\Pipeline\\{closure}(Object(Illuminate\\Http\\Request))
#25 H:\\abc\\laravel\\vueJs-Laravel-Blog-master\\vendor\\laravel\\framework\\src\\Illuminate\\Pipeline\\Pipeline.php(171): Illuminate\\Routing\\Middleware\\ThrottleRequests->handle(Object(Illuminate\\Http\\Request), Object(Closure), 60, '1')
#26 H:\\abc\\laravel\\vueJs-Laravel-Blog-master\\vendor\\laravel\\framework\\src\\Illuminate\\Pipeline\\Pipeline.php(105): Illuminate\\Pipeline\\Pipeline->Illuminate\\Pipeline\\{closure}(Object(Illuminate\\Http\\Request))
#27 H:\\abc\\laravel\\vueJs-Laravel-Blog-master\\vendor\\laravel\\framework\\src\\Illuminate\\Routing\\Router.php(682): Illuminate\\Pipeline\\Pipeline->then(Object(Closure))
#28 H:\\abc\\laravel\\vueJs-Laravel-Blog-master\\vendor\\laravel\\framework\\src\\Illuminate\\Routing\\Router.php(657): Illuminate\\Routing\\Router->runRouteWithinStack(Object(Illuminate\\Routing\\Route), Object(Illuminate\\Http\\Request))
#29 H:\\abc\\laravel\\vueJs-Laravel-Blog-master\\vendor\\laravel\\framework\\src\\Illuminate\\Routing\\Router.php(623): Illuminate\\Routing\\Router->runRoute(Object(Illuminate\\Http\\Request), Object(Illuminate\\Routing\\Route))
#30 H:\\abc\\laravel\\vueJs-Laravel-Blog-master\\vendor\\laravel\\framework\\src\\Illuminate\\Routing\\Router.php(612): Illuminate\\Routing\\Router->dispatchToRoute(Object(Illuminate\\Http\\Request))
#31 H:\\abc\\laravel\\vueJs-Laravel-Blog-master\\vendor\\laravel\\framework\\src\\Illuminate\\Foundation\\Http\\Kernel.php(176): Illuminate\\Routing\\Router->dispatch(Object(Illuminate\\Http\\Request))
#32 H:\\abc\\laravel\\vueJs-Laravel-Blog-master\\vendor\\laravel\\framework\\src\\Illuminate\\Pipeline\\Pipeline.php(130): Illuminate\\Foundation\\Http\\Kernel->Illuminate\\Foundation\\Http\\{closure}(Object(Illuminate\\Http\\Request))
#33 H:\\abc\\laravel\\vueJs-Laravel-Blog-master\\vendor\\laravel\\framework\\src\\Illuminate\\Foundation\\Http\\Middleware\\TransformsRequest.php(21): Illuminate\\Pipeline\\Pipeline->Illuminate\\Pipeline\\{closure}(Object(Illuminate\\Http\\Request))
#34 H:\\abc\\laravel\\vueJs-Laravel-Blog-master\\vendor\\laravel\\framework\\src\\Illuminate\\Pipeline\\Pipeline.php(171): Illuminate\\Foundation\\Http\\Middleware\\TransformsRequest->handle(Object(Illuminate\\Http\\Request), Object(Closure))
#35 H:\\abc\\laravel\\vueJs-Laravel-Blog-master\\vendor\\laravel\\framework\\src\\Illuminate\\Foundation\\Http\\Middleware\\TransformsRequest.php(21): Illuminate\\Pipeline\\Pipeline->Illuminate\\Pipeline\\{closure}(Object(Illuminate\\Http\\Request))
#36 H:\\abc\\laravel\\vueJs-Laravel-Blog-master\\vendor\\laravel\\framework\\src\\Illuminate\\Pipeline\\Pipeline.php(171): Illuminate\\Foundation\\Http\\Middleware\\TransformsRequest->handle(Object(Illuminate\\Http\\Request), Object(Closure))
#37 H:\\abc\\laravel\\vueJs-Laravel-Blog-master\\vendor\\laravel\\framework\\src\\Illuminate\\Foundation\\Http\\Middleware\\ValidatePostSize.php(27): Illuminate\\Pipeline\\Pipeline->Illuminate\\Pipeline\\{closure}(Object(Illuminate\\Http\\Request))
#38 H:\\abc\\laravel\\vueJs-Laravel-Blog-master\\vendor\\laravel\\framework\\src\\Illuminate\\Pipeline\\Pipeline.php(171): Illuminate\\Foundation\\Http\\Middleware\\ValidatePostSize->handle(Object(Illuminate\\Http\\Request), Object(Closure))
#39 H:\\abc\\laravel\\vueJs-Laravel-Blog-master\\vendor\\laravel\\framework\\src\\Illuminate\\Foundation\\Http\\Middleware\\CheckForMaintenanceMode.php(62): Illuminate\\Pipeline\\Pipeline->Illuminate\\Pipeline\\{closure}(Object(Illuminate\\Http\\Request))
#40 H:\\abc\\laravel\\vueJs-Laravel-Blog-master\\vendor\\laravel\\framework\\src\\Illuminate\\Pipeline\\Pipeline.php(171): Illuminate\\Foundation\\Http\\Middleware\\CheckForMaintenanceMode->handle(Object(Illuminate\\Http\\Request), Object(Closure))
#41 H:\\abc\\laravel\\vueJs-Laravel-Blog-master\\vendor\\fideloper\\proxy\\src\\TrustProxies.php(57): Illuminate\\Pipeline\\Pipeline->Illuminate\\Pipeline\\{closure}(Object(Illuminate\\Http\\Request))
#42 H:\\abc\\laravel\\vueJs-Laravel-Blog-master\\vendor\\laravel\\framework\\src\\Illuminate\\Pipeline\\Pipeline.php(171): Fideloper\\Proxy\\TrustProxies->handle(Object(Illuminate\\Http\\Request), Object(Closure))
#43 H:\\abc\\laravel\\vueJs-Laravel-Blog-master\\vendor\\laravel\\framework\\src\\Illuminate\\Pipeline\\Pipeline.php(105): Illuminate\\Pipeline\\Pipeline->Illuminate\\Pipeline\\{closure}(Object(Illuminate\\Http\\Request))
#44 H:\\abc\\laravel\\vueJs-Laravel-Blog-master\\vendor\\laravel\\framework\\src\\Illuminate\\Foundation\\Http\\Kernel.php(151): Illuminate\\Pipeline\\Pipeline->then(Object(Closure))
#45 H:\\abc\\laravel\\vueJs-Laravel-Blog-master\\vendor\\laravel\\framework\\src\\Illuminate\\Foundation\\Http\\Kernel.php(116): Illuminate\\Foundation\\Http\\Kernel->sendRequestThroughRouter(Object(Illuminate\\Http\\Request))
#46 H:\\abc\\laravel\\vueJs-Laravel-Blog-master\\public\\index.php(55): Illuminate\\Foundation\\Http\\Kernel->handle(Object(Illuminate\\Http\\Request))
#47 H:\\abc\\laravel\\vueJs-Laravel-Blog-master\\server.php(21): require_once('H:\\\\abc\\\\laravel\\\\...')
#48 {main}
"} 
[2021-06-08 12:46:57] local.ERROR: SQLSTATE[HY000] [2002] No connection could be made because the target machine actively refused it.
 (SQL: select count(*) as aggregate from `posts`) {"exception":"[object] (Illuminate\\Database\\QueryException(code: 2002): SQLSTATE[HY000] [2002] No connection could be made because the target machine actively refused it.
 (SQL: select count(*) as aggregate from `posts`) at H:\\abc\\laravel\\vueJs-Laravel-Blog-master\\vendor\\laravel\\framework\\src\\Illuminate\\Database\\Connection.php:665)
[stacktrace]
#0 H:\\abc\\laravel\\vueJs-Laravel-Blog-master\\vendor\\laravel\\framework\\src\\Illuminate\\Database\\Connection.php(625): Illuminate\\Database\\Connection->runQueryCallback('select count(*)...', Array, Object(Closure))
#1 H:\\abc\\laravel\\vueJs-Laravel-Blog-master\\vendor\\laravel\\framework\\src\\Illuminate\\Database\\Connection.php(334): Illuminate\\Database\\Connection->run('select count(*)...', Array, Object(Closure))
#2 H:\\abc\\laravel\\vueJs-Laravel-Blog-master\\vendor\\laravel\\framework\\src\\Illuminate\\Database\\Query\\Builder.php(2140): Illuminate\\Database\\Connection->select('select count(*)...', Array, true)
#3 H:\\abc\\laravel\\vueJs-Laravel-Blog-master\\vendor\\laravel\\framework\\src\\Illuminate\\Database\\Query\\Builder.php(2128): Illuminate\\Database\\Query\\Builder->runSelect()
#4 H:\\abc\\laravel\\vueJs-Laravel-Blog-master\\vendor\\laravel\\framework\\src\\Illuminate\\Database\\Query\\Builder.php(2572): Illuminate\\Database\\Query\\Builder->Illuminate\\Database\\Query\\{closure}()
#5 H:\\abc\\laravel\\vueJs-Laravel-Blog-master\\vendor\\laravel\\framework\\src\\Illuminate\\Database\\Query\\Builder.php(2129): Illuminate\\Database\\Query\\Builder->onceWithColumns(Array, Object(Closure))
#6 H:\\abc\\laravel\\vueJs-Laravel-Blog-master\\vendor\\laravel\\framework\\src\\Illuminate\\Database\\Query\\Builder.php(2227): Illuminate\\Database\\Query\\Builder->get()
#7 H:\\abc\\laravel\\vueJs-Laravel-Blog-master\\vendor\\laravel\\framework\\src\\Illuminate\\Database\\Query\\Builder.php(2198): Illuminate\\Database\\Query\\Builder->runPaginationCountQuery(Array)
#8 H:\\abc\\laravel\\vueJs-Laravel-Blog-master\\vendor\\laravel\\framework\\src\\Illuminate\\Database\\Eloquent\\Builder.php(704): Illuminate\\Database\\Query\\Builder->getCountForPagination()
#9 H:\\abc\\laravel\\vueJs-Laravel-Blog-master\\app\\Http\\Controllers\\PostController.php(25): Illuminate\\Database\\Eloquent\\Builder->paginate(8)
#10 [internal function]: App\\Http\\Controllers\\PostController->index()
#11 H:\\abc\\laravel\\vueJs-Laravel-Blog-master\\vendor\\laravel\\framework\\src\\Illuminate\\Routing\\Controller.php(54): call_user_func_array(Array, Array)
#12 H:\\abc\\laravel\\vueJs-Laravel-Blog-master\\vendor\\laravel\\framework\\src\\Illuminate\\Routing\\ControllerDispatcher.php(45): Illuminate\\Routing\\Controller->callAction('index', Array)
#13 H:\\abc\\laravel\\vueJs-Laravel-Blog-master\\vendor\\laravel\\framework\\src\\Illuminate\\Routing\\Route.php(219): Illuminate\\Routing\\ControllerDispatcher->dispatch(Object(Illuminate\\Routing\\Route), Object(App\\Http\\Controllers\\PostController), 'index')
#14 H:\\abc\\laravel\\vueJs-Laravel-Blog-master\\vendor\\laravel\\framework\\src\\Illuminate\\Routing\\Route.php(176): Illuminate\\Routing\\Route->runController()
#15 H:\\abc\\laravel\\vueJs-Laravel-Blog-master\\vendor\\laravel\\framework\\src\\Illuminate\\Routing\\Router.php(680): Illuminate\\Routing\\Route->run()
#16 H:\\abc\\laravel\\vueJs-Laravel-Blog-master\\vendor\\laravel\\framework\\src\\Illuminate\\Pipeline\\Pipeline.php(130): Illuminate\\Routing\\Router->Illuminate\\Routing\\{closure}(Object(Illuminate\\Http\\Request))
#17 H:\\abc\\laravel\\vueJs-Laravel-Blog-master\\vendor\\laravel\\framework\\src\\Illuminate\\Routing\\Middleware\\SubstituteBindings.php(41): Illuminate\\Pipeline\\Pipeline->Illuminate\\Pipeline\\{closure}(Object(Illuminate\\Http\\Request))
#18 H:\\abc\\laravel\\vueJs-Laravel-Blog-master\\vendor\\laravel\\framework\\src\\Illuminate\\Pipeline\\Pipeline.php(171): Illuminate\\Routing\\Middleware\\SubstituteBindings->handle(Object(Illuminate\\Http\\Request), Object(Closure))
#19 H:\\abc\\laravel\\vueJs-Laravel-Blog-master\\vendor\\laravel\\framework\\src\\Illuminate\\Routing\\Middleware\\ThrottleRequests.php(59): Illuminate\\Pipeline\\Pipeline->Illuminate\\Pipeline\\{closure}(Object(Illuminate\\Http\\Request))
#20 H:\\abc\\laravel\\vueJs-Laravel-Blog-master\\vendor\\laravel\\framework\\src\\Illuminate\\Pipeline\\Pipeline.php(171): Illuminate\\Routing\\Middleware\\ThrottleRequests->handle(Object(Illuminate\\Http\\Request), Object(Closure), 60, '1')
#21 H:\\abc\\laravel\\vueJs-Laravel-Blog-master\\vendor\\laravel\\framework\\src\\Illuminate\\Pipeline\\Pipeline.php(105): Illuminate\\Pipeline\\Pipeline->Illuminate\\Pipeline\\{closure}(Object(Illuminate\\Http\\Request))
#22 H:\\abc\\laravel\\vueJs-Laravel-Blog-master\\vendor\\laravel\\framework\\src\\Illuminate\\Routing\\Router.php(682): Illuminate\\Pipeline\\Pipeline->then(Object(Closure))
#23 H:\\abc\\laravel\\vueJs-Laravel-Blog-master\\vendor\\laravel\\framework\\src\\Illuminate\\Routing\\Router.php(657): Illuminate\\Routing\\Router->runRouteWithinStack(Object(Illuminate\\Routing\\Route), Object(Illuminate\\Http\\Request))
#24 H:\\abc\\laravel\\vueJs-Laravel-Blog-master\\vendor\\laravel\\framework\\src\\Illuminate\\Routing\\Router.php(623): Illuminate\\Routing\\Router->runRoute(Object(Illuminate\\Http\\Request), Object(Illuminate\\Routing\\Route))
#25 H:\\abc\\laravel\\vueJs-Laravel-Blog-master\\vendor\\laravel\\framework\\src\\Illuminate\\Routing\\Router.php(612): Illuminate\\Routing\\Router->dispatchToRoute(Object(Illuminate\\Http\\Request))
#26 H:\\abc\\laravel\\vueJs-Laravel-Blog-master\\vendor\\laravel\\framework\\src\\Illuminate\\Foundation\\Http\\Kernel.php(176): Illuminate\\Routing\\Router->dispatch(Object(Illuminate\\Http\\Request))
#27 H:\\abc\\laravel\\vueJs-Laravel-Blog-master\\vendor\\laravel\\framework\\src\\Illuminate\\Pipeline\\Pipeline.php(130): Illuminate\\Foundation\\Http\\Kernel->Illuminate\\Foundation\\Http\\{closure}(Object(Illuminate\\Http\\Request))
#28 H:\\abc\\laravel\\vueJs-Laravel-Blog-master\\vendor\\laravel\\framework\\src\\Illuminate\\Foundation\\Http\\Middleware\\TransformsRequest.php(21): Illuminate\\Pipeline\\Pipeline->Illuminate\\Pipeline\\{closure}(Object(Illuminate\\Http\\Request))
#29 H:\\abc\\laravel\\vueJs-Laravel-Blog-master\\vendor\\laravel\\framework\\src\\Illuminate\\Pipeline\\Pipeline.php(171): Illuminate\\Foundation\\Http\\Middleware\\TransformsRequest->handle(Object(Illuminate\\Http\\Request), Object(Closure))
#30 H:\\abc\\laravel\\vueJs-Laravel-Blog-master\\vendor\\laravel\\framework\\src\\Illuminate\\Foundation\\Http\\Middleware\\TransformsRequest.php(21): Illuminate\\Pipeline\\Pipeline->Illuminate\\Pipeline\\{closure}(Object(Illuminate\\Http\\Request))
#31 H:\\abc\\laravel\\vueJs-Laravel-Blog-master\\vendor\\laravel\\framework\\src\\Illuminate\\Pipeline\\Pipeline.php(171): Illuminate\\Foundation\\Http\\Middleware\\TransformsRequest->handle(Object(Illuminate\\Http\\Request), Object(Closure))
#32 H:\\abc\\laravel\\vueJs-Laravel-Blog-master\\vendor\\laravel\\framework\\src\\Illuminate\\Foundation\\Http\\Middleware\\ValidatePostSize.php(27): Illuminate\\Pipeline\\Pipeline->Illuminate\\Pipeline\\{closure}(Object(Illuminate\\Http\\Request))
#33 H:\\abc\\laravel\\vueJs-Laravel-Blog-master\\vendor\\laravel\\framework\\src\\Illuminate\\Pipeline\\Pipeline.php(171): Illuminate\\Foundation\\Http\\Middleware\\ValidatePostSize->handle(Object(Illuminate\\Http\\Request), Object(Closure))
#34 H:\\abc\\laravel\\vueJs-Laravel-Blog-master\\vendor\\laravel\\framework\\src\\Illuminate\\Foundation\\Http\\Middleware\\CheckForMaintenanceMode.php(62): Illuminate\\Pipeline\\Pipeline->Illuminate\\Pipeline\\{closure}(Object(Illuminate\\Http\\Request))
#35 H:\\abc\\laravel\\vueJs-Laravel-Blog-master\\vendor\\laravel\\framework\\src\\Illuminate\\Pipeline\\Pipeline.php(171): Illuminate\\Foundation\\Http\\Middleware\\CheckForMaintenanceMode->handle(Object(Illuminate\\Http\\Request), Object(Closure))
#36 H:\\abc\\laravel\\vueJs-Laravel-Blog-master\\vendor\\fideloper\\proxy\\src\\TrustProxies.php(57): Illuminate\\Pipeline\\Pipeline->Illuminate\\Pipeline\\{closure}(Object(Illuminate\\Http\\Request))
#37 H:\\abc\\laravel\\vueJs-Laravel-Blog-master\\vendor\\laravel\\framework\\src\\Illuminate\\Pipeline\\Pipeline.php(171): Fideloper\\Proxy\\TrustProxies->handle(Object(Illuminate\\Http\\Request), Object(Closure))
#38 H:\\abc\\laravel\\vueJs-Laravel-Blog-master\\vendor\\laravel\\framework\\src\\Illuminate\\Pipeline\\Pipeline.php(105): Illuminate\\Pipeline\\Pipeline->Illuminate\\Pipeline\\{closure}(Object(Illuminate\\Http\\Request))
#39 H:\\abc\\laravel\\vueJs-Laravel-Blog-master\\vendor\\laravel\\framework\\src\\Illuminate\\Foundation\\Http\\Kernel.php(151): Illuminate\\Pipeline\\Pipeline->then(Object(Closure))
#40 H:\\abc\\laravel\\vueJs-Laravel-Blog-master\\vendor\\laravel\\framework\\src\\Illuminate\\Foundation\\Http\\Kernel.php(116): Illuminate\\Foundation\\Http\\Kernel->sendRequestThroughRouter(Object(Illuminate\\Http\\Request))
#41 H:\\abc\\laravel\\vueJs-Laravel-Blog-master\\public\\index.php(55): Illuminate\\Foundation\\Http\\Kernel->handle(Object(Illuminate\\Http\\Request))
#42 H:\\abc\\laravel\\vueJs-Laravel-Blog-master\\server.php(21): require_once('H:\\\\abc\\\\laravel\\\\...')
#43 {main}

[previous exception] [object] (PDOException(code: 2002): SQLSTATE[HY000] [2002] No connection could be made because the target machine actively refused it.
 at H:\\abc\\laravel\\vueJs-Laravel-Blog-master\\vendor\\laravel\\framework\\src\\Illuminate\\Database\\Connectors\\Connector.php:70)
[stacktrace]
#0 H:\\abc\\laravel\\vueJs-Laravel-Blog-master\\vendor\\laravel\\framework\\src\\Illuminate\\Database\\Connectors\\Connector.php(70): PDO->__construct('mysql:host=127....', 'root', '', Array)
#1 H:\\abc\\laravel\\vueJs-Laravel-Blog-master\\vendor\\laravel\\framework\\src\\Illuminate\\Database\\Connectors\\Connector.php(46): Illuminate\\Database\\Connectors\\Connector->createPdoConnection('mysql:host=127....', 'root', '', Array)
#2 H:\\abc\\laravel\\vueJs-Laravel-Blog-master\\vendor\\laravel\\framework\\src\\Illuminate\\Database\\Connectors\\MySqlConnector.php(24): Illuminate\\Database\\Connectors\\Connector->createConnection('mysql:host=127....', Array, Array)
#3 H:\\abc\\laravel\\vueJs-Laravel-Blog-master\\vendor\\laravel\\framework\\src\\Illuminate\\Database\\Connectors\\ConnectionFactory.php(182): Illuminate\\Database\\Connectors\\MySqlConnector->connect(Array)
#4 [internal function]: Illuminate\\Database\\Connectors\\ConnectionFactory->Illuminate\\Database\\Connectors\\{closure}()
#5 H:\\abc\\laravel\\vueJs-Laravel-Blog-master\\vendor\\laravel\\framework\\src\\Illuminate\\Database\\Connection.php(920): call_user_func(Object(Closure))
#6 H:\\abc\\laravel\\vueJs-Laravel-Blog-master\\vendor\\laravel\\framework\\src\\Illuminate\\Database\\Connection.php(945): Illuminate\\Database\\Connection->getPdo()
#7 H:\\abc\\laravel\\vueJs-Laravel-Blog-master\\vendor\\laravel\\framework\\src\\Illuminate\\Database\\Connection.php(400): Illuminate\\Database\\Connection->getReadPdo()
#8 H:\\abc\\laravel\\vueJs-Laravel-Blog-master\\vendor\\laravel\\framework\\src\\Illuminate\\Database\\Connection.php(326): Illuminate\\Database\\Connection->getPdoForSelect(true)
#9 H:\\abc\\laravel\\vueJs-Laravel-Blog-master\\vendor\\laravel\\framework\\src\\Illuminate\\Database\\Connection.php(658): Illuminate\\Database\\Connection->Illuminate\\Database\\{closure}('select count(*)...', Array)
#10 H:\\abc\\laravel\\vueJs-Laravel-Blog-master\\vendor\\laravel\\framework\\src\\Illuminate\\Database\\Connection.php(625): Illuminate\\Database\\Connection->runQueryCallback('select count(*)...', Array, Object(Closure))
#11 H:\\abc\\laravel\\vueJs-Laravel-Blog-master\\vendor\\laravel\\framework\\src\\Illuminate\\Database\\Connection.php(334): Illuminate\\Database\\Connection->run('select count(*)...', Array, Object(Closure))
#12 H:\\abc\\laravel\\vueJs-Laravel-Blog-master\\vendor\\laravel\\framework\\src\\Illuminate\\Database\\Query\\Builder.php(2140): Illuminate\\Database\\Connection->select('select count(*)...', Array, true)
#13 H:\\abc\\laravel\\vueJs-Laravel-Blog-master\\vendor\\laravel\\framework\\src\\Illuminate\\Database\\Query\\Builder.php(2128): Illuminate\\Database\\Query\\Builder->runSelect()
#14 H:\\abc\\laravel\\vueJs-Laravel-Blog-master\\vendor\\laravel\\framework\\src\\Illuminate\\Database\\Query\\Builder.php(2572): Illuminate\\Database\\Query\\Builder->Illuminate\\Database\\Query\\{closure}()
#15 H:\\abc\\laravel\\vueJs-Laravel-Blog-master\\vendor\\laravel\\framework\\src\\Illuminate\\Database\\Query\\Builder.php(2129): Illuminate\\Database\\Query\\Builder->onceWithColumns(Array, Object(Closure))
#16 H:\\abc\\laravel\\vueJs-Laravel-Blog-master\\vendor\\laravel\\framework\\src\\Illuminate\\Database\\Query\\Builder.php(2227): Illuminate\\Database\\Query\\Builder->get()
#17 H:\\abc\\laravel\\vueJs-Laravel-Blog-master\\vendor\\laravel\\framework\\src\\Illuminate\\Database\\Query\\Builder.php(2198): Illuminate\\Database\\Query\\Builder->runPaginationCountQuery(Array)
#18 H:\\abc\\laravel\\vueJs-Laravel-Blog-master\\vendor\\laravel\\framework\\src\\Illuminate\\Database\\Eloquent\\Builder.php(704): Illuminate\\Database\\Query\\Builder->getCountForPagination()
#19 H:\\abc\\laravel\\vueJs-Laravel-Blog-master\\app\\Http\\Controllers\\PostController.php(25): Illuminate\\Database\\Eloquent\\Builder->paginate(8)
#20 [internal function]: App\\Http\\Controllers\\PostController->index()
#21 H:\\abc\\laravel\\vueJs-Laravel-Blog-master\\vendor\\laravel\\framework\\src\\Illuminate\\Routing\\Controller.php(54): call_user_func_array(Array, Array)
#22 H:\\abc\\laravel\\vueJs-Laravel-Blog-master\\vendor\\laravel\\framework\\src\\Illuminate\\Routing\\ControllerDispatcher.php(45): Illuminate\\Routing\\Controller->callAction('index', Array)
#23 H:\\abc\\laravel\\vueJs-Laravel-Blog-master\\vendor\\laravel\\framework\\src\\Illuminate\\Routing\\Route.php(219): Illuminate\\Routing\\ControllerDispatcher->dispatch(Object(Illuminate\\Routing\\Route), Object(App\\Http\\Controllers\\PostController), 'index')
#24 H:\\abc\\laravel\\vueJs-Laravel-Blog-master\\vendor\\laravel\\framework\\src\\Illuminate\\Routing\\Route.php(176): Illuminate\\Routing\\Route->runController()
#25 H:\\abc\\laravel\\vueJs-Laravel-Blog-master\\vendor\\laravel\\framework\\src\\Illuminate\\Routing\\Router.php(680): Illuminate\\Routing\\Route->run()
#26 H:\\abc\\laravel\\vueJs-Laravel-Blog-master\\vendor\\laravel\\framework\\src\\Illuminate\\Pipeline\\Pipeline.php(130): Illuminate\\Routing\\Router->Illuminate\\Routing\\{closure}(Object(Illuminate\\Http\\Request))
#27 H:\\abc\\laravel\\vueJs-Laravel-Blog-master\\vendor\\laravel\\framework\\src\\Illuminate\\Routing\\Middleware\\SubstituteBindings.php(41): Illuminate\\Pipeline\\Pipeline->Illuminate\\Pipeline\\{closure}(Object(Illuminate\\Http\\Request))
#28 H:\\abc\\laravel\\vueJs-Laravel-Blog-master\\vendor\\laravel\\framework\\src\\Illuminate\\Pipeline\\Pipeline.php(171): Illuminate\\Routing\\Middleware\\SubstituteBindings->handle(Object(Illuminate\\Http\\Request), Object(Closure))
#29 H:\\abc\\laravel\\vueJs-Laravel-Blog-master\\vendor\\laravel\\framework\\src\\Illuminate\\Routing\\Middleware\\ThrottleRequests.php(59): Illuminate\\Pipeline\\Pipeline->Illuminate\\Pipeline\\{closure}(Object(Illuminate\\Http\\Request))
#30 H:\\abc\\laravel\\vueJs-Laravel-Blog-master\\vendor\\laravel\\framework\\src\\Illuminate\\Pipeline\\Pipeline.php(171): Illuminate\\Routing\\Middleware\\ThrottleRequests->handle(Object(Illuminate\\Http\\Request), Object(Closure), 60, '1')
#31 H:\\abc\\laravel\\vueJs-Laravel-Blog-master\\vendor\\laravel\\framework\\src\\Illuminate\\Pipeline\\Pipeline.php(105): Illuminate\\Pipeline\\Pipeline->Illuminate\\Pipeline\\{closure}(Object(Illuminate\\Http\\Request))
#32 H:\\abc\\laravel\\vueJs-Laravel-Blog-master\\vendor\\laravel\\framework\\src\\Illuminate\\Routing\\Router.php(682): Illuminate\\Pipeline\\Pipeline->then(Object(Closure))
#33 H:\\abc\\laravel\\vueJs-Laravel-Blog-master\\vendor\\laravel\\framework\\src\\Illuminate\\Routing\\Router.php(657): Illuminate\\Routing\\Router->runRouteWithinStack(Object(Illuminate\\Routing\\Route), Object(Illuminate\\Http\\Request))
#34 H:\\abc\\laravel\\vueJs-Laravel-Blog-master\\vendor\\laravel\\framework\\src\\Illuminate\\Routing\\Router.php(623): Illuminate\\Routing\\Router->runRoute(Object(Illuminate\\Http\\Request), Object(Illuminate\\Routing\\Route))
#35 H:\\abc\\laravel\\vueJs-Laravel-Blog-master\\vendor\\laravel\\framework\\src\\Illuminate\\Routing\\Router.php(612): Illuminate\\Routing\\Router->dispatchToRoute(Object(Illuminate\\Http\\Request))
#36 H:\\abc\\laravel\\vueJs-Laravel-Blog-master\\vendor\\laravel\\framework\\src\\Illuminate\\Foundation\\Http\\Kernel.php(176): Illuminate\\Routing\\Router->dispatch(Object(Illuminate\\Http\\Request))
#37 H:\\abc\\laravel\\vueJs-Laravel-Blog-master\\vendor\\laravel\\framework\\src\\Illuminate\\Pipeline\\Pipeline.php(130): Illuminate\\Foundation\\Http\\Kernel->Illuminate\\Foundation\\Http\\{closure}(Object(Illuminate\\Http\\Request))
#38 H:\\abc\\laravel\\vueJs-Laravel-Blog-master\\vendor\\laravel\\framework\\src\\Illuminate\\Foundation\\Http\\Middleware\\TransformsRequest.php(21): Illuminate\\Pipeline\\Pipeline->Illuminate\\Pipeline\\{closure}(Object(Illuminate\\Http\\Request))
#39 H:\\abc\\laravel\\vueJs-Laravel-Blog-master\\vendor\\laravel\\framework\\src\\Illuminate\\Pipeline\\Pipeline.php(171): Illuminate\\Foundation\\Http\\Middleware\\TransformsRequest->handle(Object(Illuminate\\Http\\Request), Object(Closure))
#40 H:\\abc\\laravel\\vueJs-Laravel-Blog-master\\vendor\\laravel\\framework\\src\\Illuminate\\Foundation\\Http\\Middleware\\TransformsRequest.php(21): Illuminate\\Pipeline\\Pipeline->Illuminate\\Pipeline\\{closure}(Object(Illuminate\\Http\\Request))
#41 H:\\abc\\laravel\\vueJs-Laravel-Blog-master\\vendor\\laravel\\framework\\src\\Illuminate\\Pipeline\\Pipeline.php(171): Illuminate\\Foundation\\Http\\Middleware\\TransformsRequest->handle(Object(Illuminate\\Http\\Request), Object(Closure))
#42 H:\\abc\\laravel\\vueJs-Laravel-Blog-master\\vendor\\laravel\\framework\\src\\Illuminate\\Foundation\\Http\\Middleware\\ValidatePostSize.php(27): Illuminate\\Pipeline\\Pipeline->Illuminate\\Pipeline\\{closure}(Object(Illuminate\\Http\\Request))
#43 H:\\abc\\laravel\\vueJs-Laravel-Blog-master\\vendor\\laravel\\framework\\src\\Illuminate\\Pipeline\\Pipeline.php(171): Illuminate\\Foundation\\Http\\Middleware\\ValidatePostSize->handle(Object(Illuminate\\Http\\Request), Object(Closure))
#44 H:\\abc\\laravel\\vueJs-Laravel-Blog-master\\vendor\\laravel\\framework\\src\\Illuminate\\Foundation\\Http\\Middleware\\CheckForMaintenanceMode.php(62): Illuminate\\Pipeline\\Pipeline->Illuminate\\Pipeline\\{closure}(Object(Illuminate\\Http\\Request))
#45 H:\\abc\\laravel\\vueJs-Laravel-Blog-master\\vendor\\laravel\\framework\\src\\Illuminate\\Pipeline\\Pipeline.php(171): Illuminate\\Foundation\\Http\\Middleware\\CheckForMaintenanceMode->handle(Object(Illuminate\\Http\\Request), Object(Closure))
#46 H:\\abc\\laravel\\vueJs-Laravel-Blog-master\\vendor\\fideloper\\proxy\\src\\TrustProxies.php(57): Illuminate\\Pipeline\\Pipeline->Illuminate\\Pipeline\\{closure}(Object(Illuminate\\Http\\Request))
#47 H:\\abc\\laravel\\vueJs-Laravel-Blog-master\\vendor\\laravel\\framework\\src\\Illuminate\\Pipeline\\Pipeline.php(171): Fideloper\\Proxy\\TrustProxies->handle(Object(Illuminate\\Http\\Request), Object(Closure))
#48 H:\\abc\\laravel\\vueJs-Laravel-Blog-master\\vendor\\laravel\\framework\\src\\Illuminate\\Pipeline\\Pipeline.php(105): Illuminate\\Pipeline\\Pipeline->Illuminate\\Pipeline\\{closure}(Object(Illuminate\\Http\\Request))
#49 H:\\abc\\laravel\\vueJs-Laravel-Blog-master\\vendor\\laravel\\framework\\src\\Illuminate\\Foundation\\Http\\Kernel.php(151): Illuminate\\Pipeline\\Pipeline->then(Object(Closure))
#50 H:\\abc\\laravel\\vueJs-Laravel-Blog-master\\vendor\\laravel\\framework\\src\\Illuminate\\Foundation\\Http\\Kernel.php(116): Illuminate\\Foundation\\Http\\Kernel->sendRequestThroughRouter(Object(Illuminate\\Http\\Request))
#51 H:\\abc\\laravel\\vueJs-Laravel-Blog-master\\public\\index.php(55): Illuminate\\Foundation\\Http\\Kernel->handle(Object(Illuminate\\Http\\Request))
#52 H:\\abc\\laravel\\vueJs-Laravel-Blog-master\\server.php(21): require_once('H:\\\\abc\\\\laravel\\\\...')
#53 {main}
"} 
[2021-06-08 14:12:24] local.ERROR: Target class [App\Http\Controllers\allPosts] does not exist. {"exception":"[object] (Illuminate\\Contracts\\Container\\BindingResolutionException(code: 0): Target class [App\\Http\\Controllers\\allPosts] does not exist. at H:\\abc\\laravel\\vueJs-Laravel-Blog-master\\vendor\\laravel\\framework\\src\\Illuminate\\Container\\Container.php:806)
[stacktrace]
#0 H:\\abc\\laravel\\vueJs-Laravel-Blog-master\\vendor\\laravel\\framework\\src\\Illuminate\\Container\\Container.php(682): Illuminate\\Container\\Container->build('App\\\\Http\\\\Contro...')
#1 H:\\abc\\laravel\\vueJs-Laravel-Blog-master\\vendor\\laravel\\framework\\src\\Illuminate\\Container\\Container.php(630): Illuminate\\Container\\Container->resolve('App\\\\Http\\\\Contro...', Array)
#2 H:\\abc\\laravel\\vueJs-Laravel-Blog-master\\vendor\\laravel\\framework\\src\\Illuminate\\Foundation\\Application.php(768): Illuminate\\Container\\Container->make('App\\\\Http\\\\Contro...', Array)
#3 H:\\abc\\laravel\\vueJs-Laravel-Blog-master\\vendor\\laravel\\framework\\src\\Illuminate\\Routing\\Route.php(233): Illuminate\\Foundation\\Application->make('App\\\\Http\\\\Contro...')
#4 H:\\abc\\laravel\\vueJs-Laravel-Blog-master\\vendor\\laravel\\framework\\src\\Illuminate\\Routing\\Route.php(833): Illuminate\\Routing\\Route->getController()
#5 H:\\abc\\laravel\\vueJs-Laravel-Blog-master\\vendor\\laravel\\framework\\src\\Illuminate\\Routing\\Route.php(794): Illuminate\\Routing\\Route->controllerMiddleware()
#6 H:\\abc\\laravel\\vueJs-Laravel-Blog-master\\vendor\\laravel\\framework\\src\\Illuminate\\Routing\\Router.php(693): Illuminate\\Routing\\Route->gatherMiddleware()
#7 H:\\abc\\laravel\\vueJs-Laravel-Blog-master\\vendor\\laravel\\framework\\src\\Illuminate\\Routing\\Router.php(673): Illuminate\\Routing\\Router->gatherRouteMiddleware(Object(Illuminate\\Routing\\Route))
#8 H:\\abc\\laravel\\vueJs-Laravel-Blog-master\\vendor\\laravel\\framework\\src\\Illuminate\\Routing\\Router.php(657): Illuminate\\Routing\\Router->runRouteWithinStack(Object(Illuminate\\Routing\\Route), Object(Illuminate\\Http\\Request))
#9 H:\\abc\\laravel\\vueJs-Laravel-Blog-master\\vendor\\laravel\\framework\\src\\Illuminate\\Routing\\Router.php(623): Illuminate\\Routing\\Router->runRoute(Object(Illuminate\\Http\\Request), Object(Illuminate\\Routing\\Route))
#10 H:\\abc\\laravel\\vueJs-Laravel-Blog-master\\vendor\\laravel\\framework\\src\\Illuminate\\Routing\\Router.php(612): Illuminate\\Routing\\Router->dispatchToRoute(Object(Illuminate\\Http\\Request))
#11 H:\\abc\\laravel\\vueJs-Laravel-Blog-master\\vendor\\laravel\\framework\\src\\Illuminate\\Foundation\\Http\\Kernel.php(176): Illuminate\\Routing\\Router->dispatch(Object(Illuminate\\Http\\Request))
#12 H:\\abc\\laravel\\vueJs-Laravel-Blog-master\\vendor\\laravel\\framework\\src\\Illuminate\\Pipeline\\Pipeline.php(130): Illuminate\\Foundation\\Http\\Kernel->Illuminate\\Foundation\\Http\\{closure}(Object(Illuminate\\Http\\Request))
#13 H:\\abc\\laravel\\vueJs-Laravel-Blog-master\\vendor\\laravel\\framework\\src\\Illuminate\\Foundation\\Http\\Middleware\\TransformsRequest.php(21): Illuminate\\Pipeline\\Pipeline->Illuminate\\Pipeline\\{closure}(Object(Illuminate\\Http\\Request))
#14 H:\\abc\\laravel\\vueJs-Laravel-Blog-master\\vendor\\laravel\\framework\\src\\Illuminate\\Pipeline\\Pipeline.php(171): Illuminate\\Foundation\\Http\\Middleware\\TransformsRequest->handle(Object(Illuminate\\Http\\Request), Object(Closure))
#15 H:\\abc\\laravel\\vueJs-Laravel-Blog-master\\vendor\\laravel\\framework\\src\\Illuminate\\Foundation\\Http\\Middleware\\TransformsRequest.php(21): Illuminate\\Pipeline\\Pipeline->Illuminate\\Pipeline\\{closure}(Object(Illuminate\\Http\\Request))
#16 H:\\abc\\laravel\\vueJs-Laravel-Blog-master\\vendor\\laravel\\framework\\src\\Illuminate\\Pipeline\\Pipeline.php(171): Illuminate\\Foundation\\Http\\Middleware\\TransformsRequest->handle(Object(Illuminate\\Http\\Request), Object(Closure))
#17 H:\\abc\\laravel\\vueJs-Laravel-Blog-master\\vendor\\laravel\\framework\\src\\Illuminate\\Foundation\\Http\\Middleware\\ValidatePostSize.php(27): Illuminate\\Pipeline\\Pipeline->Illuminate\\Pipeline\\{closure}(Object(Illuminate\\Http\\Request))
#18 H:\\abc\\laravel\\vueJs-Laravel-Blog-master\\vendor\\laravel\\framework\\src\\Illuminate\\Pipeline\\Pipeline.php(171): Illuminate\\Foundation\\Http\\Middleware\\ValidatePostSize->handle(Object(Illuminate\\Http\\Request), Object(Closure))
#19 H:\\abc\\laravel\\vueJs-Laravel-Blog-master\\vendor\\laravel\\framework\\src\\Illuminate\\Foundation\\Http\\Middleware\\CheckForMaintenanceMode.php(62): Illuminate\\Pipeline\\Pipeline->Illuminate\\Pipeline\\{closure}(Object(Illuminate\\Http\\Request))
#20 H:\\abc\\laravel\\vueJs-Laravel-Blog-master\\vendor\\laravel\\framework\\src\\Illuminate\\Pipeline\\Pipeline.php(171): Illuminate\\Foundation\\Http\\Middleware\\CheckForMaintenanceMode->handle(Object(Illuminate\\Http\\Request), Object(Closure))
#21 H:\\abc\\laravel\\vueJs-Laravel-Blog-master\\vendor\\fideloper\\proxy\\src\\TrustProxies.php(57): Illuminate\\Pipeline\\Pipeline->Illuminate\\Pipeline\\{closure}(Object(Illuminate\\Http\\Request))
#22 H:\\abc\\laravel\\vueJs-Laravel-Blog-master\\vendor\\laravel\\framework\\src\\Illuminate\\Pipeline\\Pipeline.php(171): Fideloper\\Proxy\\TrustProxies->handle(Object(Illuminate\\Http\\Request), Object(Closure))
#23 H:\\abc\\laravel\\vueJs-Laravel-Blog-master\\vendor\\laravel\\framework\\src\\Illuminate\\Pipeline\\Pipeline.php(105): Illuminate\\Pipeline\\Pipeline->Illuminate\\Pipeline\\{closure}(Object(Illuminate\\Http\\Request))
#24 H:\\abc\\laravel\\vueJs-Laravel-Blog-master\\vendor\\laravel\\framework\\src\\Illuminate\\Foundation\\Http\\Kernel.php(151): Illuminate\\Pipeline\\Pipeline->then(Object(Closure))
#25 H:\\abc\\laravel\\vueJs-Laravel-Blog-master\\vendor\\laravel\\framework\\src\\Illuminate\\Foundation\\Http\\Kernel.php(116): Illuminate\\Foundation\\Http\\Kernel->sendRequestThroughRouter(Object(Illuminate\\Http\\Request))
#26 H:\\abc\\laravel\\vueJs-Laravel-Blog-master\\public\\index.php(55): Illuminate\\Foundation\\Http\\Kernel->handle(Object(Illuminate\\Http\\Request))
#27 H:\\abc\\laravel\\vueJs-Laravel-Blog-master\\server.php(21): require_once('H:\\\\abc\\\\laravel\\\\...')
#28 {main}

[previous exception] [object] (ReflectionException(code: -1): Class App\\Http\\Controllers\\allPosts does not exist at H:\\abc\\laravel\\vueJs-Laravel-Blog-master\\vendor\\laravel\\framework\\src\\Illuminate\\Container\\Container.php:804)
[stacktrace]
#0 H:\\abc\\laravel\\vueJs-Laravel-Blog-master\\vendor\\laravel\\framework\\src\\Illuminate\\Container\\Container.php(804): ReflectionClass->__construct('App\\\\Http\\\\Contro...')
#1 H:\\abc\\laravel\\vueJs-Laravel-Blog-master\\vendor\\laravel\\framework\\src\\Illuminate\\Container\\Container.php(682): Illuminate\\Container\\Container->build('App\\\\Http\\\\Contro...')
#2 H:\\abc\\laravel\\vueJs-Laravel-Blog-master\\vendor\\laravel\\framework\\src\\Illuminate\\Container\\Container.php(630): Illuminate\\Container\\Container->resolve('App\\\\Http\\\\Contro...', Array)
#3 H:\\abc\\laravel\\vueJs-Laravel-Blog-master\\vendor\\laravel\\framework\\src\\Illuminate\\Foundation\\Application.php(768): Illuminate\\Container\\Container->make('App\\\\Http\\\\Contro...', Array)
#4 H:\\abc\\laravel\\vueJs-Laravel-Blog-master\\vendor\\laravel\\framework\\src\\Illuminate\\Routing\\Route.php(233): Illuminate\\Foundation\\Application->make('App\\\\Http\\\\Contro...')
#5 H:\\abc\\laravel\\vueJs-Laravel-Blog-master\\vendor\\laravel\\framework\\src\\Illuminate\\Routing\\Route.php(833): Illuminate\\Routing\\Route->getController()
#6 H:\\abc\\laravel\\vueJs-Laravel-Blog-master\\vendor\\laravel\\framework\\src\\Illuminate\\Routing\\Route.php(794): Illuminate\\Routing\\Route->controllerMiddleware()
#7 H:\\abc\\laravel\\vueJs-Laravel-Blog-master\\vendor\\laravel\\framework\\src\\Illuminate\\Routing\\Router.php(693): Illuminate\\Routing\\Route->gatherMiddleware()
#8 H:\\abc\\laravel\\vueJs-Laravel-Blog-master\\vendor\\laravel\\framework\\src\\Illuminate\\Routing\\Router.php(673): Illuminate\\Routing\\Router->gatherRouteMiddleware(Object(Illuminate\\Routing\\Route))
#9 H:\\abc\\laravel\\vueJs-Laravel-Blog-master\\vendor\\laravel\\framework\\src\\Illuminate\\Routing\\Router.php(657): Illuminate\\Routing\\Router->runRouteWithinStack(Object(Illuminate\\Routing\\Route), Object(Illuminate\\Http\\Request))
#10 H:\\abc\\laravel\\vueJs-Laravel-Blog-master\\vendor\\laravel\\framework\\src\\Illuminate\\Routing\\Router.php(623): Illuminate\\Routing\\Router->runRoute(Object(Illuminate\\Http\\Request), Object(Illuminate\\Routing\\Route))
#11 H:\\abc\\laravel\\vueJs-Laravel-Blog-master\\vendor\\laravel\\framework\\src\\Illuminate\\Routing\\Router.php(612): Illuminate\\Routing\\Router->dispatchToRoute(Object(Illuminate\\Http\\Request))
#12 H:\\abc\\laravel\\vueJs-Laravel-Blog-master\\vendor\\laravel\\framework\\src\\Illuminate\\Foundation\\Http\\Kernel.php(176): Illuminate\\Routing\\Router->dispatch(Object(Illuminate\\Http\\Request))
#13 H:\\abc\\laravel\\vueJs-Laravel-Blog-master\\vendor\\laravel\\framework\\src\\Illuminate\\Pipeline\\Pipeline.php(130): Illuminate\\Foundation\\Http\\Kernel->Illuminate\\Foundation\\Http\\{closure}(Object(Illuminate\\Http\\Request))
#14 H:\\abc\\laravel\\vueJs-Laravel-Blog-master\\vendor\\laravel\\framework\\src\\Illuminate\\Foundation\\Http\\Middleware\\TransformsRequest.php(21): Illuminate\\Pipeline\\Pipeline->Illuminate\\Pipeline\\{closure}(Object(Illuminate\\Http\\Request))
#15 H:\\abc\\laravel\\vueJs-Laravel-Blog-master\\vendor\\laravel\\framework\\src\\Illuminate\\Pipeline\\Pipeline.php(171): Illuminate\\Foundation\\Http\\Middleware\\TransformsRequest->handle(Object(Illuminate\\Http\\Request), Object(Closure))
#16 H:\\abc\\laravel\\vueJs-Laravel-Blog-master\\vendor\\laravel\\framework\\src\\Illuminate\\Foundation\\Http\\Middleware\\TransformsRequest.php(21): Illuminate\\Pipeline\\Pipeline->Illuminate\\Pipeline\\{closure}(Object(Illuminate\\Http\\Request))
#17 H:\\abc\\laravel\\vueJs-Laravel-Blog-master\\vendor\\laravel\\framework\\src\\Illuminate\\Pipeline\\Pipeline.php(171): Illuminate\\Foundation\\Http\\Middleware\\TransformsRequest->handle(Object(Illuminate\\Http\\Request), Object(Closure))
#18 H:\\abc\\laravel\\vueJs-Laravel-Blog-master\\vendor\\laravel\\framework\\src\\Illuminate\\Foundation\\Http\\Middleware\\ValidatePostSize.php(27): Illuminate\\Pipeline\\Pipeline->Illuminate\\Pipeline\\{closure}(Object(Illuminate\\Http\\Request))
#19 H:\\abc\\laravel\\vueJs-Laravel-Blog-master\\vendor\\laravel\\framework\\src\\Illuminate\\Pipeline\\Pipeline.php(171): Illuminate\\Foundation\\Http\\Middleware\\ValidatePostSize->handle(Object(Illuminate\\Http\\Request), Object(Closure))
#20 H:\\abc\\laravel\\vueJs-Laravel-Blog-master\\vendor\\laravel\\framework\\src\\Illuminate\\Foundation\\Http\\Middleware\\CheckForMaintenanceMode.php(62): Illuminate\\Pipeline\\Pipeline->Illuminate\\Pipeline\\{closure}(Object(Illuminate\\Http\\Request))
#21 H:\\abc\\laravel\\vueJs-Laravel-Blog-master\\vendor\\laravel\\framework\\src\\Illuminate\\Pipeline\\Pipeline.php(171): Illuminate\\Foundation\\Http\\Middleware\\CheckForMaintenanceMode->handle(Object(Illuminate\\Http\\Request), Object(Closure))
#22 H:\\abc\\laravel\\vueJs-Laravel-Blog-master\\vendor\\fideloper\\proxy\\src\\TrustProxies.php(57): Illuminate\\Pipeline\\Pipeline->Illuminate\\Pipeline\\{closure}(Object(Illuminate\\Http\\Request))
#23 H:\\abc\\laravel\\vueJs-Laravel-Blog-master\\vendor\\laravel\\framework\\src\\Illuminate\\Pipeline\\Pipeline.php(171): Fideloper\\Proxy\\TrustProxies->handle(Object(Illuminate\\Http\\Request), Object(Closure))
#24 H:\\abc\\laravel\\vueJs-Laravel-Blog-master\\vendor\\laravel\\framework\\src\\Illuminate\\Pipeline\\Pipeline.php(105): Illuminate\\Pipeline\\Pipeline->Illuminate\\Pipeline\\{closure}(Object(Illuminate\\Http\\Request))
#25 H:\\abc\\laravel\\vueJs-Laravel-Blog-master\\vendor\\laravel\\framework\\src\\Illuminate\\Foundation\\Http\\Kernel.php(151): Illuminate\\Pipeline\\Pipeline->then(Object(Closure))
#26 H:\\abc\\laravel\\vueJs-Laravel-Blog-master\\vendor\\laravel\\framework\\src\\Illuminate\\Foundation\\Http\\Kernel.php(116): Illuminate\\Foundation\\Http\\Kernel->sendRequestThroughRouter(Object(Illuminate\\Http\\Request))
#27 H:\\abc\\laravel\\vueJs-Laravel-Blog-master\\public\\index.php(55): Illuminate\\Foundation\\Http\\Kernel->handle(Object(Illuminate\\Http\\Request))
#28 H:\\abc\\laravel\\vueJs-Laravel-Blog-master\\server.php(21): require_once('H:\\\\abc\\\\laravel\\\\...')
#29 {main}
"} 
[2021-06-08 14:12:42] local.ERROR: Target class [App\Http\Controllers\allPosts] does not exist. {"exception":"[object] (Illuminate\\Contracts\\Container\\BindingResolutionException(code: 0): Target class [App\\Http\\Controllers\\allPosts] does not exist. at H:\\abc\\laravel\\vueJs-Laravel-Blog-master\\vendor\\laravel\\framework\\src\\Illuminate\\Container\\Container.php:806)
[stacktrace]
#0 H:\\abc\\laravel\\vueJs-Laravel-Blog-master\\vendor\\laravel\\framework\\src\\Illuminate\\Container\\Container.php(682): Illuminate\\Container\\Container->build('App\\\\Http\\\\Contro...')
#1 H:\\abc\\laravel\\vueJs-Laravel-Blog-master\\vendor\\laravel\\framework\\src\\Illuminate\\Container\\Container.php(630): Illuminate\\Container\\Container->resolve('App\\\\Http\\\\Contro...', Array)
#2 H:\\abc\\laravel\\vueJs-Laravel-Blog-master\\vendor\\laravel\\framework\\src\\Illuminate\\Foundation\\Application.php(768): Illuminate\\Container\\Container->make('App\\\\Http\\\\Contro...', Array)
#3 H:\\abc\\laravel\\vueJs-Laravel-Blog-master\\vendor\\laravel\\framework\\src\\Illuminate\\Routing\\Route.php(233): Illuminate\\Foundation\\Application->make('App\\\\Http\\\\Contro...')
#4 H:\\abc\\laravel\\vueJs-Laravel-Blog-master\\vendor\\laravel\\framework\\src\\Illuminate\\Routing\\Route.php(833): Illuminate\\Routing\\Route->getController()
#5 H:\\abc\\laravel\\vueJs-Laravel-Blog-master\\vendor\\laravel\\framework\\src\\Illuminate\\Routing\\Route.php(794): Illuminate\\Routing\\Route->controllerMiddleware()
#6 H:\\abc\\laravel\\vueJs-Laravel-Blog-master\\vendor\\laravel\\framework\\src\\Illuminate\\Routing\\Router.php(693): Illuminate\\Routing\\Route->gatherMiddleware()
#7 H:\\abc\\laravel\\vueJs-Laravel-Blog-master\\vendor\\laravel\\framework\\src\\Illuminate\\Routing\\Router.php(673): Illuminate\\Routing\\Router->gatherRouteMiddleware(Object(Illuminate\\Routing\\Route))
#8 H:\\abc\\laravel\\vueJs-Laravel-Blog-master\\vendor\\laravel\\framework\\src\\Illuminate\\Routing\\Router.php(657): Illuminate\\Routing\\Router->runRouteWithinStack(Object(Illuminate\\Routing\\Route), Object(Illuminate\\Http\\Request))
#9 H:\\abc\\laravel\\vueJs-Laravel-Blog-master\\vendor\\laravel\\framework\\src\\Illuminate\\Routing\\Router.php(623): Illuminate\\Routing\\Router->runRoute(Object(Illuminate\\Http\\Request), Object(Illuminate\\Routing\\Route))
#10 H:\\abc\\laravel\\vueJs-Laravel-Blog-master\\vendor\\laravel\\framework\\src\\Illuminate\\Routing\\Router.php(612): Illuminate\\Routing\\Router->dispatchToRoute(Object(Illuminate\\Http\\Request))
#11 H:\\abc\\laravel\\vueJs-Laravel-Blog-master\\vendor\\laravel\\framework\\src\\Illuminate\\Foundation\\Http\\Kernel.php(176): Illuminate\\Routing\\Router->dispatch(Object(Illuminate\\Http\\Request))
#12 H:\\abc\\laravel\\vueJs-Laravel-Blog-master\\vendor\\laravel\\framework\\src\\Illuminate\\Pipeline\\Pipeline.php(130): Illuminate\\Foundation\\Http\\Kernel->Illuminate\\Foundation\\Http\\{closure}(Object(Illuminate\\Http\\Request))
#13 H:\\abc\\laravel\\vueJs-Laravel-Blog-master\\vendor\\laravel\\framework\\src\\Illuminate\\Foundation\\Http\\Middleware\\TransformsRequest.php(21): Illuminate\\Pipeline\\Pipeline->Illuminate\\Pipeline\\{closure}(Object(Illuminate\\Http\\Request))
#14 H:\\abc\\laravel\\vueJs-Laravel-Blog-master\\vendor\\laravel\\framework\\src\\Illuminate\\Pipeline\\Pipeline.php(171): Illuminate\\Foundation\\Http\\Middleware\\TransformsRequest->handle(Object(Illuminate\\Http\\Request), Object(Closure))
#15 H:\\abc\\laravel\\vueJs-Laravel-Blog-master\\vendor\\laravel\\framework\\src\\Illuminate\\Foundation\\Http\\Middleware\\TransformsRequest.php(21): Illuminate\\Pipeline\\Pipeline->Illuminate\\Pipeline\\{closure}(Object(Illuminate\\Http\\Request))
#16 H:\\abc\\laravel\\vueJs-Laravel-Blog-master\\vendor\\laravel\\framework\\src\\Illuminate\\Pipeline\\Pipeline.php(171): Illuminate\\Foundation\\Http\\Middleware\\TransformsRequest->handle(Object(Illuminate\\Http\\Request), Object(Closure))
#17 H:\\abc\\laravel\\vueJs-Laravel-Blog-master\\vendor\\laravel\\framework\\src\\Illuminate\\Foundation\\Http\\Middleware\\ValidatePostSize.php(27): Illuminate\\Pipeline\\Pipeline->Illuminate\\Pipeline\\{closure}(Object(Illuminate\\Http\\Request))
#18 H:\\abc\\laravel\\vueJs-Laravel-Blog-master\\vendor\\laravel\\framework\\src\\Illuminate\\Pipeline\\Pipeline.php(171): Illuminate\\Foundation\\Http\\Middleware\\ValidatePostSize->handle(Object(Illuminate\\Http\\Request), Object(Closure))
#19 H:\\abc\\laravel\\vueJs-Laravel-Blog-master\\vendor\\laravel\\framework\\src\\Illuminate\\Foundation\\Http\\Middleware\\CheckForMaintenanceMode.php(62): Illuminate\\Pipeline\\Pipeline->Illuminate\\Pipeline\\{closure}(Object(Illuminate\\Http\\Request))
#20 H:\\abc\\laravel\\vueJs-Laravel-Blog-master\\vendor\\laravel\\framework\\src\\Illuminate\\Pipeline\\Pipeline.php(171): Illuminate\\Foundation\\Http\\Middleware\\CheckForMaintenanceMode->handle(Object(Illuminate\\Http\\Request), Object(Closure))
#21 H:\\abc\\laravel\\vueJs-Laravel-Blog-master\\vendor\\fideloper\\proxy\\src\\TrustProxies.php(57): Illuminate\\Pipeline\\Pipeline->Illuminate\\Pipeline\\{closure}(Object(Illuminate\\Http\\Request))
#22 H:\\abc\\laravel\\vueJs-Laravel-Blog-master\\vendor\\laravel\\framework\\src\\Illuminate\\Pipeline\\Pipeline.php(171): Fideloper\\Proxy\\TrustProxies->handle(Object(Illuminate\\Http\\Request), Object(Closure))
#23 H:\\abc\\laravel\\vueJs-Laravel-Blog-master\\vendor\\laravel\\framework\\src\\Illuminate\\Pipeline\\Pipeline.php(105): Illuminate\\Pipeline\\Pipeline->Illuminate\\Pipeline\\{closure}(Object(Illuminate\\Http\\Request))
#24 H:\\abc\\laravel\\vueJs-Laravel-Blog-master\\vendor\\laravel\\framework\\src\\Illuminate\\Foundation\\Http\\Kernel.php(151): Illuminate\\Pipeline\\Pipeline->then(Object(Closure))
#25 H:\\abc\\laravel\\vueJs-Laravel-Blog-master\\vendor\\laravel\\framework\\src\\Illuminate\\Foundation\\Http\\Kernel.php(116): Illuminate\\Foundation\\Http\\Kernel->sendRequestThroughRouter(Object(Illuminate\\Http\\Request))
#26 H:\\abc\\laravel\\vueJs-Laravel-Blog-master\\public\\index.php(55): Illuminate\\Foundation\\Http\\Kernel->handle(Object(Illuminate\\Http\\Request))
#27 H:\\abc\\laravel\\vueJs-Laravel-Blog-master\\server.php(21): require_once('H:\\\\abc\\\\laravel\\\\...')
#28 {main}

[previous exception] [object] (ReflectionException(code: -1): Class App\\Http\\Controllers\\allPosts does not exist at H:\\abc\\laravel\\vueJs-Laravel-Blog-master\\vendor\\laravel\\framework\\src\\Illuminate\\Container\\Container.php:804)
[stacktrace]
#0 H:\\abc\\laravel\\vueJs-Laravel-Blog-master\\vendor\\laravel\\framework\\src\\Illuminate\\Container\\Container.php(804): ReflectionClass->__construct('App\\\\Http\\\\Contro...')
#1 H:\\abc\\laravel\\vueJs-Laravel-Blog-master\\vendor\\laravel\\framework\\src\\Illuminate\\Container\\Container.php(682): Illuminate\\Container\\Container->build('App\\\\Http\\\\Contro...')
#2 H:\\abc\\laravel\\vueJs-Laravel-Blog-master\\vendor\\laravel\\framework\\src\\Illuminate\\Container\\Container.php(630): Illuminate\\Container\\Container->resolve('App\\\\Http\\\\Contro...', Array)
#3 H:\\abc\\laravel\\vueJs-Laravel-Blog-master\\vendor\\laravel\\framework\\src\\Illuminate\\Foundation\\Application.php(768): Illuminate\\Container\\Container->make('App\\\\Http\\\\Contro...', Array)
#4 H:\\abc\\laravel\\vueJs-Laravel-Blog-master\\vendor\\laravel\\framework\\src\\Illuminate\\Routing\\Route.php(233): Illuminate\\Foundation\\Application->make('App\\\\Http\\\\Contro...')
#5 H:\\abc\\laravel\\vueJs-Laravel-Blog-master\\vendor\\laravel\\framework\\src\\Illuminate\\Routing\\Route.php(833): Illuminate\\Routing\\Route->getController()
#6 H:\\abc\\laravel\\vueJs-Laravel-Blog-master\\vendor\\laravel\\framework\\src\\Illuminate\\Routing\\Route.php(794): Illuminate\\Routing\\Route->controllerMiddleware()
#7 H:\\abc\\laravel\\vueJs-Laravel-Blog-master\\vendor\\laravel\\framework\\src\\Illuminate\\Routing\\Router.php(693): Illuminate\\Routing\\Route->gatherMiddleware()
#8 H:\\abc\\laravel\\vueJs-Laravel-Blog-master\\vendor\\laravel\\framework\\src\\Illuminate\\Routing\\Router.php(673): Illuminate\\Routing\\Router->gatherRouteMiddleware(Object(Illuminate\\Routing\\Route))
#9 H:\\abc\\laravel\\vueJs-Laravel-Blog-master\\vendor\\laravel\\framework\\src\\Illuminate\\Routing\\Router.php(657): Illuminate\\Routing\\Router->runRouteWithinStack(Object(Illuminate\\Routing\\Route), Object(Illuminate\\Http\\Request))
#10 H:\\abc\\laravel\\vueJs-Laravel-Blog-master\\vendor\\laravel\\framework\\src\\Illuminate\\Routing\\Router.php(623): Illuminate\\Routing\\Router->runRoute(Object(Illuminate\\Http\\Request), Object(Illuminate\\Routing\\Route))
#11 H:\\abc\\laravel\\vueJs-Laravel-Blog-master\\vendor\\laravel\\framework\\src\\Illuminate\\Routing\\Router.php(612): Illuminate\\Routing\\Router->dispatchToRoute(Object(Illuminate\\Http\\Request))
#12 H:\\abc\\laravel\\vueJs-Laravel-Blog-master\\vendor\\laravel\\framework\\src\\Illuminate\\Foundation\\Http\\Kernel.php(176): Illuminate\\Routing\\Router->dispatch(Object(Illuminate\\Http\\Request))
#13 H:\\abc\\laravel\\vueJs-Laravel-Blog-master\\vendor\\laravel\\framework\\src\\Illuminate\\Pipeline\\Pipeline.php(130): Illuminate\\Foundation\\Http\\Kernel->Illuminate\\Foundation\\Http\\{closure}(Object(Illuminate\\Http\\Request))
#14 H:\\abc\\laravel\\vueJs-Laravel-Blog-master\\vendor\\laravel\\framework\\src\\Illuminate\\Foundation\\Http\\Middleware\\TransformsRequest.php(21): Illuminate\\Pipeline\\Pipeline->Illuminate\\Pipeline\\{closure}(Object(Illuminate\\Http\\Request))
#15 H:\\abc\\laravel\\vueJs-Laravel-Blog-master\\vendor\\laravel\\framework\\src\\Illuminate\\Pipeline\\Pipeline.php(171): Illuminate\\Foundation\\Http\\Middleware\\TransformsRequest->handle(Object(Illuminate\\Http\\Request), Object(Closure))
#16 H:\\abc\\laravel\\vueJs-Laravel-Blog-master\\vendor\\laravel\\framework\\src\\Illuminate\\Foundation\\Http\\Middleware\\TransformsRequest.php(21): Illuminate\\Pipeline\\Pipeline->Illuminate\\Pipeline\\{closure}(Object(Illuminate\\Http\\Request))
#17 H:\\abc\\laravel\\vueJs-Laravel-Blog-master\\vendor\\laravel\\framework\\src\\Illuminate\\Pipeline\\Pipeline.php(171): Illuminate\\Foundation\\Http\\Middleware\\TransformsRequest->handle(Object(Illuminate\\Http\\Request), Object(Closure))
#18 H:\\abc\\laravel\\vueJs-Laravel-Blog-master\\vendor\\laravel\\framework\\src\\Illuminate\\Foundation\\Http\\Middleware\\ValidatePostSize.php(27): Illuminate\\Pipeline\\Pipeline->Illuminate\\Pipeline\\{closure}(Object(Illuminate\\Http\\Request))
#19 H:\\abc\\laravel\\vueJs-Laravel-Blog-master\\vendor\\laravel\\framework\\src\\Illuminate\\Pipeline\\Pipeline.php(171): Illuminate\\Foundation\\Http\\Middleware\\ValidatePostSize->handle(Object(Illuminate\\Http\\Request), Object(Closure))
#20 H:\\abc\\laravel\\vueJs-Laravel-Blog-master\\vendor\\laravel\\framework\\src\\Illuminate\\Foundation\\Http\\Middleware\\CheckForMaintenanceMode.php(62): Illuminate\\Pipeline\\Pipeline->Illuminate\\Pipeline\\{closure}(Object(Illuminate\\Http\\Request))
#21 H:\\abc\\laravel\\vueJs-Laravel-Blog-master\\vendor\\laravel\\framework\\src\\Illuminate\\Pipeline\\Pipeline.php(171): Illuminate\\Foundation\\Http\\Middleware\\CheckForMaintenanceMode->handle(Object(Illuminate\\Http\\Request), Object(Closure))
#22 H:\\abc\\laravel\\vueJs-Laravel-Blog-master\\vendor\\fideloper\\proxy\\src\\TrustProxies.php(57): Illuminate\\Pipeline\\Pipeline->Illuminate\\Pipeline\\{closure}(Object(Illuminate\\Http\\Request))
#23 H:\\abc\\laravel\\vueJs-Laravel-Blog-master\\vendor\\laravel\\framework\\src\\Illuminate\\Pipeline\\Pipeline.php(171): Fideloper\\Proxy\\TrustProxies->handle(Object(Illuminate\\Http\\Request), Object(Closure))
#24 H:\\abc\\laravel\\vueJs-Laravel-Blog-master\\vendor\\laravel\\framework\\src\\Illuminate\\Pipeline\\Pipeline.php(105): Illuminate\\Pipeline\\Pipeline->Illuminate\\Pipeline\\{closure}(Object(Illuminate\\Http\\Request))
#25 H:\\abc\\laravel\\vueJs-Laravel-Blog-master\\vendor\\laravel\\framework\\src\\Illuminate\\Foundation\\Http\\Kernel.php(151): Illuminate\\Pipeline\\Pipeline->then(Object(Closure))
#26 H:\\abc\\laravel\\vueJs-Laravel-Blog-master\\vendor\\laravel\\framework\\src\\Illuminate\\Foundation\\Http\\Kernel.php(116): Illuminate\\Foundation\\Http\\Kernel->sendRequestThroughRouter(Object(Illuminate\\Http\\Request))
#27 H:\\abc\\laravel\\vueJs-Laravel-Blog-master\\public\\index.php(55): Illuminate\\Foundation\\Http\\Kernel->handle(Object(Illuminate\\Http\\Request))
#28 H:\\abc\\laravel\\vueJs-Laravel-Blog-master\\server.php(21): require_once('H:\\\\abc\\\\laravel\\\\...')
#29 {main}
"} 
[2021-06-08 14:12:46] local.ERROR: Method App\Http\Controllers\PostController::allPosts@index does not exist. {"exception":"[object] (BadMethodCallException(code: 0): Method App\\Http\\Controllers\\PostController::allPosts@index does not exist. at H:\\abc\\laravel\\vueJs-Laravel-Blog-master\\vendor\\laravel\\framework\\src\\Illuminate\\Routing\\Controller.php:68)
[stacktrace]
#0 [internal function]: Illuminate\\Routing\\Controller->__call('allPosts@index', Array)
#1 H:\\abc\\laravel\\vueJs-Laravel-Blog-master\\vendor\\laravel\\framework\\src\\Illuminate\\Routing\\Controller.php(54): call_user_func_array(Array, Array)
#2 H:\\abc\\laravel\\vueJs-Laravel-Blog-master\\vendor\\laravel\\framework\\src\\Illuminate\\Routing\\ControllerDispatcher.php(45): Illuminate\\Routing\\Controller->callAction('allPosts@index', Array)
#3 H:\\abc\\laravel\\vueJs-Laravel-Blog-master\\vendor\\laravel\\framework\\src\\Illuminate\\Routing\\Route.php(219): Illuminate\\Routing\\ControllerDispatcher->dispatch(Object(Illuminate\\Routing\\Route), Object(App\\Http\\Controllers\\PostController), 'allPosts@index')
#4 H:\\abc\\laravel\\vueJs-Laravel-Blog-master\\vendor\\laravel\\framework\\src\\Illuminate\\Routing\\Route.php(176): Illuminate\\Routing\\Route->runController()
#5 H:\\abc\\laravel\\vueJs-Laravel-Blog-master\\vendor\\laravel\\framework\\src\\Illuminate\\Routing\\Router.php(680): Illuminate\\Routing\\Route->run()
#6 H:\\abc\\laravel\\vueJs-Laravel-Blog-master\\vendor\\laravel\\framework\\src\\Illuminate\\Pipeline\\Pipeline.php(130): Illuminate\\Routing\\Router->Illuminate\\Routing\\{closure}(Object(Illuminate\\Http\\Request))
#7 H:\\abc\\laravel\\vueJs-Laravel-Blog-master\\vendor\\laravel\\framework\\src\\Illuminate\\Routing\\Middleware\\SubstituteBindings.php(41): Illuminate\\Pipeline\\Pipeline->Illuminate\\Pipeline\\{closure}(Object(Illuminate\\Http\\Request))
#8 H:\\abc\\laravel\\vueJs-Laravel-Blog-master\\vendor\\laravel\\framework\\src\\Illuminate\\Pipeline\\Pipeline.php(171): Illuminate\\Routing\\Middleware\\SubstituteBindings->handle(Object(Illuminate\\Http\\Request), Object(Closure))
#9 H:\\abc\\laravel\\vueJs-Laravel-Blog-master\\vendor\\laravel\\framework\\src\\Illuminate\\Routing\\Middleware\\ThrottleRequests.php(59): Illuminate\\Pipeline\\Pipeline->Illuminate\\Pipeline\\{closure}(Object(Illuminate\\Http\\Request))
#10 H:\\abc\\laravel\\vueJs-Laravel-Blog-master\\vendor\\laravel\\framework\\src\\Illuminate\\Pipeline\\Pipeline.php(171): Illuminate\\Routing\\Middleware\\ThrottleRequests->handle(Object(Illuminate\\Http\\Request), Object(Closure), 60, '1')
#11 H:\\abc\\laravel\\vueJs-Laravel-Blog-master\\vendor\\laravel\\framework\\src\\Illuminate\\Pipeline\\Pipeline.php(105): Illuminate\\Pipeline\\Pipeline->Illuminate\\Pipeline\\{closure}(Object(Illuminate\\Http\\Request))
#12 H:\\abc\\laravel\\vueJs-Laravel-Blog-master\\vendor\\laravel\\framework\\src\\Illuminate\\Routing\\Router.php(682): Illuminate\\Pipeline\\Pipeline->then(Object(Closure))
#13 H:\\abc\\laravel\\vueJs-Laravel-Blog-master\\vendor\\laravel\\framework\\src\\Illuminate\\Routing\\Router.php(657): Illuminate\\Routing\\Router->runRouteWithinStack(Object(Illuminate\\Routing\\Route), Object(Illuminate\\Http\\Request))
#14 H:\\abc\\laravel\\vueJs-Laravel-Blog-master\\vendor\\laravel\\framework\\src\\Illuminate\\Routing\\Router.php(623): Illuminate\\Routing\\Router->runRoute(Object(Illuminate\\Http\\Request), Object(Illuminate\\Routing\\Route))
#15 H:\\abc\\laravel\\vueJs-Laravel-Blog-master\\vendor\\laravel\\framework\\src\\Illuminate\\Routing\\Router.php(612): Illuminate\\Routing\\Router->dispatchToRoute(Object(Illuminate\\Http\\Request))
#16 H:\\abc\\laravel\\vueJs-Laravel-Blog-master\\vendor\\laravel\\framework\\src\\Illuminate\\Foundation\\Http\\Kernel.php(176): Illuminate\\Routing\\Router->dispatch(Object(Illuminate\\Http\\Request))
#17 H:\\abc\\laravel\\vueJs-Laravel-Blog-master\\vendor\\laravel\\framework\\src\\Illuminate\\Pipeline\\Pipeline.php(130): Illuminate\\Foundation\\Http\\Kernel->Illuminate\\Foundation\\Http\\{closure}(Object(Illuminate\\Http\\Request))
#18 H:\\abc\\laravel\\vueJs-Laravel-Blog-master\\vendor\\laravel\\framework\\src\\Illuminate\\Foundation\\Http\\Middleware\\TransformsRequest.php(21): Illuminate\\Pipeline\\Pipeline->Illuminate\\Pipeline\\{closure}(Object(Illuminate\\Http\\Request))
#19 H:\\abc\\laravel\\vueJs-Laravel-Blog-master\\vendor\\laravel\\framework\\src\\Illuminate\\Pipeline\\Pipeline.php(171): Illuminate\\Foundation\\Http\\Middleware\\TransformsRequest->handle(Object(Illuminate\\Http\\Request), Object(Closure))
#20 H:\\abc\\laravel\\vueJs-Laravel-Blog-master\\vendor\\laravel\\framework\\src\\Illuminate\\Foundation\\Http\\Middleware\\TransformsRequest.php(21): Illuminate\\Pipeline\\Pipeline->Illuminate\\Pipeline\\{closure}(Object(Illuminate\\Http\\Request))
#21 H:\\abc\\laravel\\vueJs-Laravel-Blog-master\\vendor\\laravel\\framework\\src\\Illuminate\\Pipeline\\Pipeline.php(171): Illuminate\\Foundation\\Http\\Middleware\\TransformsRequest->handle(Object(Illuminate\\Http\\Request), Object(Closure))
#22 H:\\abc\\laravel\\vueJs-Laravel-Blog-master\\vendor\\laravel\\framework\\src\\Illuminate\\Foundation\\Http\\Middleware\\ValidatePostSize.php(27): Illuminate\\Pipeline\\Pipeline->Illuminate\\Pipeline\\{closure}(Object(Illuminate\\Http\\Request))
#23 H:\\abc\\laravel\\vueJs-Laravel-Blog-master\\vendor\\laravel\\framework\\src\\Illuminate\\Pipeline\\Pipeline.php(171): Illuminate\\Foundation\\Http\\Middleware\\ValidatePostSize->handle(Object(Illuminate\\Http\\Request), Object(Closure))
#24 H:\\abc\\laravel\\vueJs-Laravel-Blog-master\\vendor\\laravel\\framework\\src\\Illuminate\\Foundation\\Http\\Middleware\\CheckForMaintenanceMode.php(62): Illuminate\\Pipeline\\Pipeline->Illuminate\\Pipeline\\{closure}(Object(Illuminate\\Http\\Request))
#25 H:\\abc\\laravel\\vueJs-Laravel-Blog-master\\vendor\\laravel\\framework\\src\\Illuminate\\Pipeline\\Pipeline.php(171): Illuminate\\Foundation\\Http\\Middleware\\CheckForMaintenanceMode->handle(Object(Illuminate\\Http\\Request), Object(Closure))
#26 H:\\abc\\laravel\\vueJs-Laravel-Blog-master\\vendor\\fideloper\\proxy\\src\\TrustProxies.php(57): Illuminate\\Pipeline\\Pipeline->Illuminate\\Pipeline\\{closure}(Object(Illuminate\\Http\\Request))
#27 H:\\abc\\laravel\\vueJs-Laravel-Blog-master\\vendor\\laravel\\framework\\src\\Illuminate\\Pipeline\\Pipeline.php(171): Fideloper\\Proxy\\TrustProxies->handle(Object(Illuminate\\Http\\Request), Object(Closure))
#28 H:\\abc\\laravel\\vueJs-Laravel-Blog-master\\vendor\\laravel\\framework\\src\\Illuminate\\Pipeline\\Pipeline.php(105): Illuminate\\Pipeline\\Pipeline->Illuminate\\Pipeline\\{closure}(Object(Illuminate\\Http\\Request))
#29 H:\\abc\\laravel\\vueJs-Laravel-Blog-master\\vendor\\laravel\\framework\\src\\Illuminate\\Foundation\\Http\\Kernel.php(151): Illuminate\\Pipeline\\Pipeline->then(Object(Closure))
#30 H:\\abc\\laravel\\vueJs-Laravel-Blog-master\\vendor\\laravel\\framework\\src\\Illuminate\\Foundation\\Http\\Kernel.php(116): Illuminate\\Foundation\\Http\\Kernel->sendRequestThroughRouter(Object(Illuminate\\Http\\Request))
#31 H:\\abc\\laravel\\vueJs-Laravel-Blog-master\\public\\index.php(55): Illuminate\\Foundation\\Http\\Kernel->handle(Object(Illuminate\\Http\\Request))
#32 H:\\abc\\laravel\\vueJs-Laravel-Blog-master\\server.php(21): require_once('H:\\\\abc\\\\laravel\\\\...')
#33 {main}
"} 
